<?xml version="1.0" encoding="UTF-8"?>
<coverage generated="1667341765568" clover="3.2.0">
  <project timestamp="1667341765568" name="All files">
    <metrics statements="35" coveredstatements="34" conditionals="10" coveredconditionals="8" methods="13" coveredmethods="12" elements="58" coveredelements="54" complexity="0" loc="35" ncloc="35" packages="1" files="1" classes="1"/>
    <file name="ahorcado.js" path="C:\Users\lucab\Desktop\Material4to\MetodologiasAgiles\MAtests\ahorcado\ahorcado.js">
      <metrics statements="35" coveredstatements="34" conditionals="10" coveredconditionals="8" methods="13" coveredmethods="12"/>
      <line num="4" count="20" type="stmt"/>
      <line num="5" count="20" type="stmt"/>
      <line num="6" count="20" type="stmt"/>
      <line num="17" count="0" type="stmt"/>
      <line num="21" count="1" type="stmt"/>
      <line num="25" count="5" type="stmt"/>
      <line num="29" count="19" type="stmt"/>
      <line num="30" count="133" type="stmt"/>
      <line num="36" count="11" type="stmt"/>
      <line num="38" count="11" type="cond" truecount="2" falsecount="0"/>
      <line num="40" count="10" type="stmt"/>
      <line num="41" count="10" type="stmt"/>
      <line num="44" count="10" type="cond" truecount="2" falsecount="0"/>
      <line num="46" count="7" type="stmt"/>
      <line num="47" count="7" type="stmt"/>
      <line num="50" count="10" type="stmt"/>
      <line num="58" count="2" type="cond" truecount="1" falsecount="1"/>
      <line num="61" count="2" type="stmt"/>
      <line num="64" count="2" type="cond" truecount="1" falsecount="1"/>
      <line num="65" count="2" type="stmt"/>
      <line num="66" count="2" type="stmt"/>
      <line num="74" count="10" type="stmt"/>
      <line num="80" count="10" type="stmt"/>
      <line num="82" count="10" type="stmt"/>
      <line num="83" count="12" type="stmt"/>
      <line num="89" count="15" type="stmt"/>
      <line num="90" count="15" type="stmt"/>
      <line num="92" count="15" type="stmt"/>
      <line num="94" count="15" type="stmt"/>
      <line num="95" count="11" type="stmt"/>
      <line num="96" count="11" type="stmt"/>
      <line num="98" count="15" type="cond" truecount="2" falsecount="0"/>
      <line num="100" count="8" type="stmt"/>
      <line num="103" count="15" type="stmt"/>
      <line num="107" count="4" type="stmt"/>
    </file>
  </project>
</coverage>
