{"C:\\Users\\lucab\\Desktop\\Material4to\\MetodologiasAgiles\\MAtests\\ahorcado\\ahorcado.js": {"path":"C:\\Users\\lucab\\Desktop\\Material4to\\MetodologiasAgiles\\MAtests\\ahorcado\\ahorcado.js","statementMap":{"0":{"start":{"line":4,"column":8},"end":{"line":4,"column":41}},"1":{"start":{"line":5,"column":8},"end":{"line":5,"column":23}},"2":{"start":{"line":6,"column":8},"end":{"line":12,"column":10}},"3":{"start":{"line":17,"column":8},"end":{"line":17,"column":26}},"4":{"start":{"line":21,"column":8},"end":{"line":21,"column":35}},"5":{"start":{"line":25,"column":8},"end":{"line":25,"column":27}},"6":{"start":{"line":29,"column":8},"end":{"line":31,"column":10}},"7":{"start":{"line":30,"column":12},"end":{"line":30,"column":50}},"8":{"start":{"line":36,"column":20},"end":{"line":36,"column":48}},"9":{"start":{"line":38,"column":8},"end":{"line":38,"column":36}},"10":{"start":{"line":38,"column":29},"end":{"line":38,"column":36}},"11":{"start":{"line":40,"column":8},"end":{"line":40,"column":46}},"12":{"start":{"line":41,"column":8},"end":{"line":41,"column":43}},"13":{"start":{"line":44,"column":8},"end":{"line":48,"column":9}},"14":{"start":{"line":46,"column":12},"end":{"line":46,"column":53}},"15":{"start":{"line":47,"column":12},"end":{"line":47,"column":25}},"16":{"start":{"line":50,"column":8},"end":{"line":50,"column":52}},"17":{"start":{"line":58,"column":8},"end":{"line":58,"column":36}},"18":{"start":{"line":58,"column":29},"end":{"line":58,"column":36}},"19":{"start":{"line":61,"column":8},"end":{"line":61,"column":45}},"20":{"start":{"line":64,"column":8},"end":{"line":67,"column":9}},"21":{"start":{"line":65,"column":12},"end":{"line":65,"column":27}},"22":{"start":{"line":66,"column":12},"end":{"line":66,"column":18}},"23":{"start":{"line":74,"column":8},"end":{"line":74,"column":52}},"24":{"start":{"line":80,"column":21},"end":{"line":80,"column":46}},"25":{"start":{"line":82,"column":8},"end":{"line":84,"column":10}},"26":{"start":{"line":83,"column":12},"end":{"line":83,"column":53}},"27":{"start":{"line":89,"column":25},"end":{"line":89,"column":27}},"28":{"start":{"line":90,"column":38},"end":{"line":90,"column":66}},"29":{"start":{"line":92,"column":18},"end":{"line":92,"column":71}},"30":{"start":{"line":94,"column":8},"end":{"line":97,"column":9}},"31":{"start":{"line":95,"column":12},"end":{"line":95,"column":33}},"32":{"start":{"line":96,"column":10},"end":{"line":96,"column":79}},"33":{"start":{"line":98,"column":8},"end":{"line":101,"column":9}},"34":{"start":{"line":100,"column":12},"end":{"line":100,"column":31}},"35":{"start":{"line":103,"column":8},"end":{"line":103,"column":26}},"36":{"start":{"line":107,"column":4},"end":{"line":107,"column":66}}},"fnMap":{"0":{"name":"(anonymous_0)","decl":{"start":{"line":3,"column":4},"end":{"line":3,"column":5}},"loc":{"start":{"line":3,"column":25},"end":{"line":13,"column":5}},"line":3},"1":{"name":"(anonymous_1)","decl":{"start":{"line":16,"column":4},"end":{"line":16,"column":5}},"loc":{"start":{"line":16,"column":25},"end":{"line":18,"column":5}},"line":16},"2":{"name":"(anonymous_2)","decl":{"start":{"line":20,"column":4},"end":{"line":20,"column":5}},"loc":{"start":{"line":20,"column":17},"end":{"line":22,"column":5}},"line":20},"3":{"name":"(anonymous_3)","decl":{"start":{"line":24,"column":4},"end":{"line":24,"column":5}},"loc":{"start":{"line":24,"column":23},"end":{"line":26,"column":5}},"line":24},"4":{"name":"(anonymous_4)","decl":{"start":{"line":28,"column":4},"end":{"line":28,"column":5}},"loc":{"start":{"line":28,"column":24},"end":{"line":32,"column":5}},"line":28},"5":{"name":"(anonymous_5)","decl":{"start":{"line":29,"column":43},"end":{"line":29,"column":44}},"loc":{"start":{"line":29,"column":54},"end":{"line":31,"column":9}},"line":29},"6":{"name":"(anonymous_6)","decl":{"start":{"line":35,"column":4},"end":{"line":35,"column":5}},"loc":{"start":{"line":35,"column":34},"end":{"line":52,"column":5}},"line":35},"7":{"name":"(anonymous_7)","decl":{"start":{"line":54,"column":4},"end":{"line":54,"column":5}},"loc":{"start":{"line":54,"column":38},"end":{"line":71,"column":5}},"line":54},"8":{"name":"(anonymous_8)","decl":{"start":{"line":73,"column":4},"end":{"line":73,"column":5}},"loc":{"start":{"line":73,"column":25},"end":{"line":75,"column":5}},"line":73},"9":{"name":"(anonymous_9)","decl":{"start":{"line":77,"column":4},"end":{"line":77,"column":5}},"loc":{"start":{"line":78,"column":4},"end":{"line":85,"column":5}},"line":78},"10":{"name":"(anonymous_10)","decl":{"start":{"line":82,"column":20},"end":{"line":82,"column":21}},"loc":{"start":{"line":82,"column":29},"end":{"line":84,"column":9}},"line":82},"11":{"name":"(anonymous_11)","decl":{"start":{"line":87,"column":4},"end":{"line":87,"column":5}},"loc":{"start":{"line":87,"column":33},"end":{"line":104,"column":5}},"line":87},"12":{"name":"(anonymous_12)","decl":{"start":{"line":106,"column":4},"end":{"line":106,"column":5}},"loc":{"start":{"line":106,"column":37},"end":{"line":108,"column":4}},"line":106}},"branchMap":{"0":{"loc":{"start":{"line":38,"column":8},"end":{"line":38,"column":36}},"type":"if","locations":[{"start":{"line":38,"column":8},"end":{"line":38,"column":36}},{"start":{"line":38,"column":8},"end":{"line":38,"column":36}}],"line":38},"1":{"loc":{"start":{"line":44,"column":8},"end":{"line":48,"column":9}},"type":"if","locations":[{"start":{"line":44,"column":8},"end":{"line":48,"column":9}},{"start":{"line":44,"column":8},"end":{"line":48,"column":9}}],"line":44},"2":{"loc":{"start":{"line":58,"column":8},"end":{"line":58,"column":36}},"type":"if","locations":[{"start":{"line":58,"column":8},"end":{"line":58,"column":36}},{"start":{"line":58,"column":8},"end":{"line":58,"column":36}}],"line":58},"3":{"loc":{"start":{"line":64,"column":8},"end":{"line":67,"column":9}},"type":"if","locations":[{"start":{"line":64,"column":8},"end":{"line":67,"column":9}},{"start":{"line":64,"column":8},"end":{"line":67,"column":9}}],"line":64},"4":{"loc":{"start":{"line":98,"column":8},"end":{"line":101,"column":9}},"type":"if","locations":[{"start":{"line":98,"column":8},"end":{"line":101,"column":9}},{"start":{"line":98,"column":8},"end":{"line":101,"column":9}}],"line":98}},"s":{"0":20,"1":20,"2":20,"3":0,"4":1,"5":5,"6":19,"7":133,"8":11,"9":11,"10":1,"11":10,"12":10,"13":10,"14":7,"15":7,"16":10,"17":2,"18":0,"19":2,"20":2,"21":2,"22":2,"23":10,"24":10,"25":10,"26":12,"27":15,"28":15,"29":15,"30":15,"31":11,"32":11,"33":15,"34":8,"35":15,"36":4},"f":{"0":20,"1":0,"2":1,"3":5,"4":19,"5":133,"6":11,"7":2,"8":10,"9":10,"10":12,"11":15,"12":4},"b":{"0":[1,10],"1":[7,3],"2":[0,2],"3":[2,0],"4":[8,7]},"_coverageSchema":"1a1c01bbd47fc00a2c39e90264f33305004495a9","hash":"91262665c105d70d348efe4b429bcc4a11a91517"}
}
