TN:
SF:ahorcado\ahorcado.js
FN:3,(anonymous_0)
FN:16,(anonymous_1)
FN:20,(anonymous_2)
FN:24,(anonymous_3)
FN:28,(anonymous_4)
FN:29,(anonymous_5)
FN:35,(anonymous_6)
FN:54,(anonymous_7)
FN:73,(anonymous_8)
FN:77,(anonymous_9)
FN:82,(anonymous_10)
FN:87,(anonymous_11)
FN:106,(anonymous_12)
FNF:13
FNH:12
FNDA:20,(anonymous_0)
FNDA:0,(anonymous_1)
FNDA:1,(anonymous_2)
FNDA:5,(anonymous_3)
FNDA:19,(anonymous_4)
FNDA:133,(anonymous_5)
FNDA:11,(anonymous_6)
FNDA:2,(anonymous_7)
FNDA:10,(anonymous_8)
FNDA:10,(anonymous_9)
FNDA:12,(anonymous_10)
FNDA:15,(anonymous_11)
FNDA:4,(anonymous_12)
DA:4,20
DA:5,20
DA:6,20
DA:17,0
DA:21,1
DA:25,5
DA:29,19
DA:30,133
DA:36,11
DA:38,11
DA:40,10
DA:41,10
DA:44,10
DA:46,7
DA:47,7
DA:50,10
DA:58,2
DA:61,2
DA:64,2
DA:65,2
DA:66,2
DA:74,10
DA:80,10
DA:82,10
DA:83,12
DA:89,15
DA:90,15
DA:92,15
DA:94,15
DA:95,11
DA:96,11
DA:98,15
DA:100,8
DA:103,15
DA:107,4
LF:35
LH:34
BRDA:38,0,0,1
BRDA:38,0,1,10
BRDA:44,1,0,7
BRDA:44,1,1,3
BRDA:58,2,0,0
BRDA:58,2,1,2
BRDA:64,3,0,2
BRDA:64,3,1,0
BRDA:98,4,0,8
BRDA:98,4,1,7
BRF:10
BRH:8
end_of_record
